# JRE version: OpenJDK Runtime Environment (8.0_212) (build 1.8.0_212-release-1586-b4-5784211)
# Java VM: OpenJDK 64-Bit Server VM (25.212-b4-5784211 mixed mode linux-amd64 compressed oops)
Heap:
 PSYoungGen      total 345088K, used 20968K [0x00000000e0000000, 0x00000000f6700000, 0x0000000100000000)
  eden space 324096K, 0% used [0x00000000e0000000,0x00000000e0000000,0x00000000f3c80000)
  from space 20992K, 99% used [0x00000000f3c80000,0x00000000f50fa040,0x00000000f5100000)
  to   space 19456K, 0% used [0x00000000f5100000,0x00000000f5100000,0x00000000f6400000)
 ParOldGen       total 100864K, used 54911K [0x00000000a0000000, 0x00000000a6280000, 0x00000000e0000000)
  object space 100864K, 54% used [0x00000000a0000000,0x00000000a359fd90,0x00000000a6280000)
 Metaspace       used 69891K, capacity 72440K, committed 72536K, reserved 1112064K
  class space    used 8971K, capacity 9570K, committed 9600K, reserved 1048576K
GC Heap History (10 events):
Event: 80,068 GC heap after
Heap after GC invocations=17 (full 2):
 PSYoungGen      total 252416K, used 6660K [0x00000000e0000000, 0x00000000f2b00000, 0x0000000100000000)
  eden space 240640K, 0% used [0x00000000e0000000,0x00000000e0000000,0x00000000eeb00000)
  from space 11776K, 56% used [0x00000000eeb00000,0x00000000ef181120,0x00000000ef680000)
  to   space 11776K, 0% used [0x00000000f1f80000,0x00000000f1f80000,0x00000000f2b00000)
 ParOldGen       total 58368K, used 20806K [0x00000000a0000000, 0x00000000a3900000, 0x00000000e0000000)
  object space 58368K, 35% used [0x00000000a0000000,0x00000000a1451a78,0x00000000a3900000)
 Metaspace       used 41070K, capacity 41812K, committed 42200K, reserved 1085440K
  class space    used 5304K, capacity 5549K, committed 5632K, reserved 1048576K
}
Event: 82,807 GC heap before
{Heap before GC invocations=18 (full 2):
 PSYoungGen      total 252416K, used 247300K [0x00000000e0000000, 0x00000000f2b00000, 0x0000000100000000)
  eden space 240640K, 100% used [0x00000000e0000000,0x00000000eeb00000,0x00000000eeb00000)
  from space 11776K, 56% used [0x00000000eeb00000,0x00000000ef181120,0x00000000ef680000)
  to   space 11776K, 0% used [0x00000000f1f80000,0x00000000f1f80000,0x00000000f2b00000)
 ParOldGen       total 58368K, used 20806K [0x00000000a0000000, 0x00000000a3900000, 0x00000000e0000000)
  object space 58368K, 35% used [0x00000000a0000000,0x00000000a1451a78,0x00000000a3900000)
 Metaspace       used 41125K, capacity 41940K, committed 42456K, reserved 1085440K
  class space    used 5304K, capacity 5549K, committed 5632K, reserved 1048576K
Event: 82,830 GC heap after
Heap after GC invocations=18 (full 2):
 PSYoungGen      total 294912K, used 6821K [0x00000000e0000000, 0x00000000f3600000, 0x0000000100000000)
  eden space 283136K, 0% used [0x00000000e0000000,0x00000000e0000000,0x00000000f1480000)
  from space 11776K, 57% used [0x00000000f1f80000,0x00000000f2629590,0x00000000f2b00000)
  to   space 11264K, 0% used [0x00000000f1480000,0x00000000f1480000,0x00000000f1f80000)
 ParOldGen       total 58368K, used 20814K [0x00000000a0000000, 0x00000000a3900000, 0x00000000e0000000)
  object space 58368K, 35% used [0x00000000a0000000,0x00000000a1453a78,0x00000000a3900000)
 Metaspace       used 41125K, capacity 41940K, committed 42456K, reserved 1085440K
  class space    used 5304K, capacity 5549K, committed 5632K, reserved 1048576K
}
Event: 88,890 GC heap before
{Heap before GC invocations=19 (full 2):
 PSYoungGen      total 294912K, used 264566K [0x00000000e0000000, 0x00000000f3600000, 0x0000000100000000)
  eden space 283136K, 91% used [0x00000000e0000000,0x00000000efbb4558,0x00000000f1480000)
  from space 11776K, 57% used [0x00000000f1f80000,0x00000000f2629590,0x00000000f2b00000)
  to   space 11264K, 0% used [0x00000000f1480000,0x00000000f1480000,0x00000000f1f80000)
 ParOldGen       total 58368K, used 20814K [0x00000000a0000000, 0x00000000a3900000, 0x00000000e0000000)
  object space 58368K, 35% used [0x00000000a0000000,0x00000000a1453a78,0x00000000a3900000)
 Metaspace       used 57477K, capacity 58920K, committed 58968K, reserved 1099776K
  class space    used 7423K, capacity 7799K, committed 7808K, reserved 1048576K
Event: 88,935 GC heap after
Heap after GC invocations=19 (full 2):
 PSYoungGen      total 294400K, used 11249K [0x00000000e0000000, 0x00000000f6400000, 0x0000000100000000)
  eden space 283136K, 0% used [0x00000000e0000000,0x00000000e0000000,0x00000000f1480000)
  from space 11264K, 99% used [0x00000000f1480000,0x00000000f1f7c708,0x00000000f1f80000)
  to   space 19456K, 0% used [0x00000000f5100000,0x00000000f5100000,0x00000000f6400000)
 ParOldGen       total 58368K, used 39693K [0x00000000a0000000, 0x00000000a3900000, 0x00000000e0000000)
  object space 58368K, 68% used [0x00000000a0000000,0x00000000a26c3678,0x00000000a3900000)
 Metaspace       used 57477K, capacity 58920K, committed 58968K, reserved 1099776K
  class space    used 7423K, capacity 7799K, committed 7808K, reserved 1048576K
}
Event: 88,935 GC heap before
{Heap before GC invocations=20 (full 3):
 PSYoungGen      total 294400K, used 11249K [0x00000000e0000000, 0x00000000f6400000, 0x0000000100000000)
  eden space 283136K, 0% used [0x00000000e0000000,0x00000000e0000000,0x00000000f1480000)
  from space 11264K, 99% used [0x00000000f1480000,0x00000000f1f7c708,0x00000000f1f80000)
  to   space 19456K, 0% used [0x00000000f5100000,0x00000000f5100000,0x00000000f6400000)
 ParOldGen       total 58368K, used 39693K [0x00000000a0000000, 0x00000000a3900000, 0x00000000e0000000)
  object space 58368K, 68% used [0x00000000a0000000,0x00000000a26c3678,0x00000000a3900000)
 Metaspace       used 57477K, capacity 58920K, committed 58968K, reserved 1099776K
  class space    used 7423K, capacity 7799K, committed 7808K, reserved 1048576K
Event: 89,386 GC heap after
Heap after GC invocations=20 (full 3):
 PSYoungGen      total 294400K, used 0K [0x00000000e0000000, 0x00000000f6400000, 0x0000000100000000)
  eden space 283136K, 0% used [0x00000000e0000000,0x00000000e0000000,0x00000000f1480000)
  from space 11264K, 0% used [0x00000000f1480000,0x00000000f1480000,0x00000000f1f80000)
  to   space 19456K, 0% used [0x00000000f5100000,0x00000000f5100000,0x00000000f6400000)
 ParOldGen       total 100864K, used 45160K [0x00000000a0000000, 0x00000000a6280000, 0x00000000e0000000)
  object space 100864K, 44% used [0x00000000a0000000,0x00000000a2c1a0a8,0x00000000a6280000)
 Metaspace       used 57430K, capacity 58804K, committed 58968K, reserved 1099776K
  class space    used 7410K, capacity 7784K, committed 7808K, reserved 1048576K
}
Event: 231,160 GC heap before
{Heap before GC invocations=21 (full 3):
 PSYoungGen      total 294400K, used 283136K [0x00000000e0000000, 0x00000000f6400000, 0x0000000100000000)
  eden space 283136K, 100% used [0x00000000e0000000,0x00000000f1480000,0x00000000f1480000)
  from space 11264K, 0% used [0x00000000f1480000,0x00000000f1480000,0x00000000f1f80000)
  to   space 19456K, 0% used [0x00000000f5100000,0x00000000f5100000,0x00000000f6400000)
 ParOldGen       total 100864K, used 45160K [0x00000000a0000000, 0x00000000a6280000, 0x00000000e0000000)
  object space 100864K, 44% used [0x00000000a0000000,0x00000000a2c1a0a8,0x00000000a6280000)
 Metaspace       used 64322K, capacity 66402K, committed 66520K, reserved 1107968K
  class space    used 8411K, capacity 8943K, committed 8960K, reserved 1048576K
Event: 231,526 GC heap after
Heap after GC invocations=21 (full 3):
 PSYoungGen      total 343552K, used 15444K [0x00000000e0000000, 0x00000000f6700000, 0x0000000100000000)
  eden space 324096K, 0% used [0x00000000e0000000,0x00000000e0000000,0x00000000f3c80000)
  from space 19456K, 79% used [0x00000000f5100000,0x00000000f60150a8,0x00000000f6400000)
  to   space 20992K, 0% used [0x00000000f3c80000,0x00000000f3c80000,0x00000000f5100000)
 ParOldGen       total 100864K, used 45168K [0x00000000a0000000, 0x00000000a6280000, 0x00000000e0000000)
  object space 100864K, 44% used [0x00000000a0000000,0x00000000a2c1c0a8,0x00000000a6280000)
 Metaspace       used 64322K, capacity 66402K, committed 66520K, reserved 1107968K
  class space    used 8411K, capacity 8943K, committed 8960K, reserved 1048576K
}
Event: 347,568 GC heap before
{Heap before GC invocations=22 (full 3):
 PSYoungGen      total 343552K, used 339540K [0x00000000e0000000, 0x00000000f6700000, 0x0000000100000000)
  eden space 324096K, 100% used [0x00000000e0000000,0x00000000f3c80000,0x00000000f3c80000)
  from space 19456K, 79% used [0x00000000f5100000,0x00000000f60150a8,0x00000000f6400000)
  to   space 20992K, 0% used [0x00000000f3c80000,0x00000000f3c80000,0x00000000f5100000)
 ParOldGen       total 100864K, used 45168K [0x00000000a0000000, 0x00000000a6280000, 0x00000000e0000000)
  object space 100864K, 44% used [0x00000000a0000000,0x00000000a2c1c0a8,0x00000000a6280000)
 Metaspace       used 69891K, capacity 72440K, committed 72536K, reserved 1112064K
  class space    used 8971K, capacity 9570K, committed 9600K, reserved 1048576K

